   0  $accept : program $end

   1  program : item program
   2          |

   3  item : global_type_dec ';'
   4       | fun_def

   5  global_type_dec : type global_dec

   6  global_dec : TK_IDENTIFIER value_init
   7             | '$' TK_IDENTIFIER scalar_init

   8  value_init : scalar_init
   9             | '[' LIT_INTEGER ']' array_init

  10  scalar_init : ':' literal

  11  array_init : ':' literal_list
  12             |

  13  local_type_dec : type local_dec

  14  local_dec : TK_IDENTIFIER scalar_init
  15            | '$' TK_IDENTIFIER scalar_init

  16  type : KW_WORD
  17       | KW_BOOL
  18       | KW_BYTE

  19  literal : LIT_INTEGER LIT_FALSE LIT_TRUE LIT_CHAR

  20  literal_list : literal literal_list
  21               |

  22  fun_def : header local_type_decs block

  23  local_type_decs : local_type_decs local_type_dec ';'
  24                  |

  25  header : type TK_IDENTIFIER '(' type_parameter_list ')'

  26  parameter : TK_IDENTIFIER
  27            | TK_IDENTIFIER '[' expr ']'
  28            | literal

  29  type_parameter_list : type TK_IDENTIFIER type_parameter_list_tail
  30                      |

  31  type_parameter_list_tail : ',' type TK_IDENTIFIER type_parameter_list_tail
  32                           |

  33  parameter_list : parameter parameter_list_tail
  34                 |

  35  parameter_list_tail : ',' parameter parameter_list_tail
  36                      |

  37  block : '{' command_list '}'

  38  command_list : command ';' command_list
  39               |

  40  command : atr
  41          | flow_control
  42          | input
  43          | output
  44          | return
  45          | block

  46  atr : TK_IDENTIFIER ass

  47  ass : '=' expr
  48      | '[' expr ']' '=' expr

  49  flow_control : if_then
  50               | if_then_else
  51               | KW_LOOP '(' expr ')' command

  52  if_then : KW_IF '(' expr ')' KW_THEN command

  53  if_then_else : KW_IF '(' expr ')' KW_THEN command KW_ELSE command

  54  input : KW_INPUT TK_IDENTIFIER

  55  output : KW_OUTPUT element_list

  56  element : LIT_STRING
  57          | expr

  58  element_list : element element_list_tail

  59  element_list_tail : ',' element_list
  60                    |

  61  return : KW_RETURN expr

  62  expr : TK_IDENTIFIER access
  63       | TK_IDENTIFIER '(' parameter_list ')'
  64       | literal
  65       | '(' expr ')'
  66       | expr '+' expr
  67       | expr '-' expr
  68       | expr '*' expr
  69       | expr '/' expr
  70       | expr '<' expr
  71       | expr '>' expr
  72       | expr OPERATOR_LE expr
  73       | expr OPERATOR_GE expr
  74       | expr OPERATOR_EQ expr
  75       | expr OPERATOR_NE expr
  76       | expr OPERATOR_AND expr
  77       | expr OPERATOR_OR expr
  78       | '&' expr
  79       | '*' expr

  80  access : '[' expr ']'
  81         |

state 0
	$accept : . program $end  (0)
	program : .  (2)

	KW_WORD  shift 1
	KW_BOOL  shift 2
	KW_BYTE  shift 3
	$end  reduce 2

	program  goto 4
	item  goto 5
	global_type_dec  goto 6
	fun_def  goto 7
	type  goto 8
	header  goto 9


state 1
	type : KW_WORD .  (16)

	.  reduce 16


state 2
	type : KW_BOOL .  (17)

	.  reduce 17


state 3
	type : KW_BYTE .  (18)

	.  reduce 18


state 4
	$accept : program . $end  (0)

	$end  accept


state 5
	program : item . program  (1)
	program : .  (2)

	KW_WORD  shift 1
	KW_BOOL  shift 2
	KW_BYTE  shift 3
	$end  reduce 2

	program  goto 10
	item  goto 5
	global_type_dec  goto 6
	fun_def  goto 7
	type  goto 8
	header  goto 9


state 6
	item : global_type_dec . ';'  (3)

	';'  shift 11
	.  error


state 7
	item : fun_def .  (4)

	.  reduce 4


state 8
	global_type_dec : type . global_dec  (5)
	header : type . TK_IDENTIFIER '(' type_parameter_list ')'  (25)

	TK_IDENTIFIER  shift 12
	'$'  shift 13
	.  error

	global_dec  goto 14


state 9
	fun_def : header . local_type_decs block  (22)
	local_type_decs : .  (24)

	.  reduce 24

	local_type_decs  goto 15


state 10
	program : item program .  (1)

	.  reduce 1


state 11
	item : global_type_dec ';' .  (3)

	.  reduce 3


state 12
	global_dec : TK_IDENTIFIER . value_init  (6)
	header : type TK_IDENTIFIER . '(' type_parameter_list ')'  (25)

	'['  shift 16
	':'  shift 17
	'('  shift 18
	.  error

	value_init  goto 19
	scalar_init  goto 20


state 13
	global_dec : '$' . TK_IDENTIFIER scalar_init  (7)

	TK_IDENTIFIER  shift 21
	.  error


state 14
	global_type_dec : type global_dec .  (5)

	.  reduce 5


state 15
	fun_def : header local_type_decs . block  (22)
	local_type_decs : local_type_decs . local_type_dec ';'  (23)

	KW_WORD  shift 1
	KW_BOOL  shift 2
	KW_BYTE  shift 3
	'{'  shift 22
	.  error

	type  goto 23
	local_type_dec  goto 24
	block  goto 25


state 16
	value_init : '[' . LIT_INTEGER ']' array_init  (9)

	LIT_INTEGER  shift 26
	.  error


state 17
	scalar_init : ':' . literal  (10)

	LIT_INTEGER  shift 27
	.  error

	literal  goto 28


state 18
	header : type TK_IDENTIFIER '(' . type_parameter_list ')'  (25)
	type_parameter_list : .  (30)

	KW_WORD  shift 1
	KW_BOOL  shift 2
	KW_BYTE  shift 3
	')'  reduce 30

	type  goto 29
	type_parameter_list  goto 30


state 19
	global_dec : TK_IDENTIFIER value_init .  (6)

	.  reduce 6


state 20
	value_init : scalar_init .  (8)

	.  reduce 8


state 21
	global_dec : '$' TK_IDENTIFIER . scalar_init  (7)

	':'  shift 17
	.  error

	scalar_init  goto 31


state 22
	block : '{' . command_list '}'  (37)
	command_list : .  (39)

	KW_IF  shift 32
	KW_LOOP  shift 33
	KW_INPUT  shift 34
	KW_RETURN  shift 35
	KW_OUTPUT  shift 36
	TK_IDENTIFIER  shift 37
	'{'  shift 22
	'}'  reduce 39

	block  goto 38
	command_list  goto 39
	command  goto 40
	atr  goto 41
	flow_control  goto 42
	input  goto 43
	output  goto 44
	return  goto 45
	if_then  goto 46
	if_then_else  goto 47


state 23
	local_type_dec : type . local_dec  (13)

	TK_IDENTIFIER  shift 48
	'$'  shift 49
	.  error

	local_dec  goto 50


state 24
	local_type_decs : local_type_decs local_type_dec . ';'  (23)

	';'  shift 51
	.  error


state 25
	fun_def : header local_type_decs block .  (22)

	.  reduce 22


state 26
	value_init : '[' LIT_INTEGER . ']' array_init  (9)

	']'  shift 52
	.  error


state 27
	literal : LIT_INTEGER . LIT_FALSE LIT_TRUE LIT_CHAR  (19)

	LIT_FALSE  shift 53
	.  error


state 28
	scalar_init : ':' literal .  (10)

	.  reduce 10


state 29
	type_parameter_list : type . TK_IDENTIFIER type_parameter_list_tail  (29)

	TK_IDENTIFIER  shift 54
	.  error


state 30
	header : type TK_IDENTIFIER '(' type_parameter_list . ')'  (25)

	')'  shift 55
	.  error


state 31
	global_dec : '$' TK_IDENTIFIER scalar_init .  (7)

	.  reduce 7


state 32
	if_then : KW_IF . '(' expr ')' KW_THEN command  (52)
	if_then_else : KW_IF . '(' expr ')' KW_THEN command KW_ELSE command  (53)

	'('  shift 56
	.  error


state 33
	flow_control : KW_LOOP . '(' expr ')' command  (51)

	'('  shift 57
	.  error


state 34
	input : KW_INPUT . TK_IDENTIFIER  (54)

	TK_IDENTIFIER  shift 58
	.  error


state 35
	return : KW_RETURN . expr  (61)

	TK_IDENTIFIER  shift 59
	LIT_INTEGER  shift 27
	'*'  shift 60
	'('  shift 61
	'&'  shift 62
	.  error

	literal  goto 63
	expr  goto 64


state 36
	output : KW_OUTPUT . element_list  (55)

	TK_IDENTIFIER  shift 59
	LIT_INTEGER  shift 27
	LIT_STRING  shift 65
	'*'  shift 60
	'('  shift 61
	'&'  shift 62
	.  error

	literal  goto 63
	expr  goto 66
	element_list  goto 67
	element  goto 68


state 37
	atr : TK_IDENTIFIER . ass  (46)

	'['  shift 69
	'='  shift 70
	.  error

	ass  goto 71


state 38
	command : block .  (45)

	.  reduce 45


state 39
	block : '{' command_list . '}'  (37)

	'}'  shift 72
	.  error


state 40
	command_list : command . ';' command_list  (38)

	';'  shift 73
	.  error


state 41
	command : atr .  (40)

	.  reduce 40


state 42
	command : flow_control .  (41)

	.  reduce 41


state 43
	command : input .  (42)

	.  reduce 42


state 44
	command : output .  (43)

	.  reduce 43


state 45
	command : return .  (44)

	.  reduce 44


state 46
	flow_control : if_then .  (49)

	.  reduce 49


state 47
	flow_control : if_then_else .  (50)

	.  reduce 50


state 48
	local_dec : TK_IDENTIFIER . scalar_init  (14)

	':'  shift 17
	.  error

	scalar_init  goto 74


state 49
	local_dec : '$' . TK_IDENTIFIER scalar_init  (15)

	TK_IDENTIFIER  shift 75
	.  error


state 50
	local_type_dec : type local_dec .  (13)

	.  reduce 13


state 51
	local_type_decs : local_type_decs local_type_dec ';' .  (23)

	.  reduce 23


state 52
	value_init : '[' LIT_INTEGER ']' . array_init  (9)
	array_init : .  (12)

	':'  shift 76
	';'  reduce 12

	array_init  goto 77


state 53
	literal : LIT_INTEGER LIT_FALSE . LIT_TRUE LIT_CHAR  (19)

	LIT_TRUE  shift 78
	.  error


state 54
	type_parameter_list : type TK_IDENTIFIER . type_parameter_list_tail  (29)
	type_parameter_list_tail : .  (32)

	','  shift 79
	')'  reduce 32

	type_parameter_list_tail  goto 80


state 55
	header : type TK_IDENTIFIER '(' type_parameter_list ')' .  (25)

	.  reduce 25


state 56
	if_then : KW_IF '(' . expr ')' KW_THEN command  (52)
	if_then_else : KW_IF '(' . expr ')' KW_THEN command KW_ELSE command  (53)

	TK_IDENTIFIER  shift 59
	LIT_INTEGER  shift 27
	'*'  shift 60
	'('  shift 61
	'&'  shift 62
	.  error

	literal  goto 63
	expr  goto 81


state 57
	flow_control : KW_LOOP '(' . expr ')' command  (51)

	TK_IDENTIFIER  shift 59
	LIT_INTEGER  shift 27
	'*'  shift 60
	'('  shift 61
	'&'  shift 62
	.  error

	literal  goto 63
	expr  goto 82


state 58
	input : KW_INPUT TK_IDENTIFIER .  (54)

	.  reduce 54


state 59
	expr : TK_IDENTIFIER . access  (62)
	expr : TK_IDENTIFIER . '(' parameter_list ')'  (63)
	access : .  (81)

	'['  shift 83
	'('  shift 84
	KW_ELSE  reduce 81
	OPERATOR_LE  reduce 81
	OPERATOR_GE  reduce 81
	OPERATOR_EQ  reduce 81
	OPERATOR_NE  reduce 81
	OPERATOR_AND  reduce 81
	OPERATOR_OR  reduce 81
	'<'  reduce 81
	'>'  reduce 81
	'+'  reduce 81
	'-'  reduce 81
	'*'  reduce 81
	'/'  reduce 81
	';'  reduce 81
	']'  reduce 81
	')'  reduce 81
	','  reduce 81

	access  goto 85


state 60
	expr : '*' . expr  (79)

	TK_IDENTIFIER  shift 59
	LIT_INTEGER  shift 27
	'*'  shift 60
	'('  shift 61
	'&'  shift 62
	.  error

	literal  goto 63
	expr  goto 86


state 61
	expr : '(' . expr ')'  (65)

	TK_IDENTIFIER  shift 59
	LIT_INTEGER  shift 27
	'*'  shift 60
	'('  shift 61
	'&'  shift 62
	.  error

	literal  goto 63
	expr  goto 87


state 62
	expr : '&' . expr  (78)

	TK_IDENTIFIER  shift 59
	LIT_INTEGER  shift 27
	'*'  shift 60
	'('  shift 61
	'&'  shift 62
	.  error

	literal  goto 63
	expr  goto 88


state 63
	expr : literal .  (64)

	.  reduce 64


state 64
	return : KW_RETURN expr .  (61)
	expr : expr . '+' expr  (66)
	expr : expr . '-' expr  (67)
	expr : expr . '*' expr  (68)
	expr : expr . '/' expr  (69)
	expr : expr . '<' expr  (70)
	expr : expr . '>' expr  (71)
	expr : expr . OPERATOR_LE expr  (72)
	expr : expr . OPERATOR_GE expr  (73)
	expr : expr . OPERATOR_EQ expr  (74)
	expr : expr . OPERATOR_NE expr  (75)
	expr : expr . OPERATOR_AND expr  (76)
	expr : expr . OPERATOR_OR expr  (77)

	OPERATOR_LE  shift 89
	OPERATOR_GE  shift 90
	OPERATOR_EQ  shift 91
	OPERATOR_NE  shift 92
	OPERATOR_AND  shift 93
	OPERATOR_OR  shift 94
	'<'  shift 95
	'>'  shift 96
	'+'  shift 97
	'-'  shift 98
	'*'  shift 99
	'/'  shift 100
	KW_ELSE  reduce 61
	';'  reduce 61


state 65
	element : LIT_STRING .  (56)

	.  reduce 56


state 66
	element : expr .  (57)
	expr : expr . '+' expr  (66)
	expr : expr . '-' expr  (67)
	expr : expr . '*' expr  (68)
	expr : expr . '/' expr  (69)
	expr : expr . '<' expr  (70)
	expr : expr . '>' expr  (71)
	expr : expr . OPERATOR_LE expr  (72)
	expr : expr . OPERATOR_GE expr  (73)
	expr : expr . OPERATOR_EQ expr  (74)
	expr : expr . OPERATOR_NE expr  (75)
	expr : expr . OPERATOR_AND expr  (76)
	expr : expr . OPERATOR_OR expr  (77)

	OPERATOR_LE  shift 89
	OPERATOR_GE  shift 90
	OPERATOR_EQ  shift 91
	OPERATOR_NE  shift 92
	OPERATOR_AND  shift 93
	OPERATOR_OR  shift 94
	'<'  shift 95
	'>'  shift 96
	'+'  shift 97
	'-'  shift 98
	'*'  shift 99
	'/'  shift 100
	KW_ELSE  reduce 57
	';'  reduce 57
	','  reduce 57


state 67
	output : KW_OUTPUT element_list .  (55)

	.  reduce 55


state 68
	element_list : element . element_list_tail  (58)
	element_list_tail : .  (60)

	','  shift 101
	KW_ELSE  reduce 60
	';'  reduce 60

	element_list_tail  goto 102


state 69
	ass : '[' . expr ']' '=' expr  (48)

	TK_IDENTIFIER  shift 59
	LIT_INTEGER  shift 27
	'*'  shift 60
	'('  shift 61
	'&'  shift 62
	.  error

	literal  goto 63
	expr  goto 103


state 70
	ass : '=' . expr  (47)

	TK_IDENTIFIER  shift 59
	LIT_INTEGER  shift 27
	'*'  shift 60
	'('  shift 61
	'&'  shift 62
	.  error

	literal  goto 63
	expr  goto 104


state 71
	atr : TK_IDENTIFIER ass .  (46)

	.  reduce 46


state 72
	block : '{' command_list '}' .  (37)

	.  reduce 37


state 73
	command_list : command ';' . command_list  (38)
	command_list : .  (39)

	KW_IF  shift 32
	KW_LOOP  shift 33
	KW_INPUT  shift 34
	KW_RETURN  shift 35
	KW_OUTPUT  shift 36
	TK_IDENTIFIER  shift 37
	'{'  shift 22
	'}'  reduce 39

	block  goto 38
	command_list  goto 105
	command  goto 40
	atr  goto 41
	flow_control  goto 42
	input  goto 43
	output  goto 44
	return  goto 45
	if_then  goto 46
	if_then_else  goto 47


state 74
	local_dec : TK_IDENTIFIER scalar_init .  (14)

	.  reduce 14


state 75
	local_dec : '$' TK_IDENTIFIER . scalar_init  (15)

	':'  shift 17
	.  error

	scalar_init  goto 106


state 76
	array_init : ':' . literal_list  (11)
	literal_list : .  (21)

	LIT_INTEGER  shift 27
	';'  reduce 21

	literal  goto 107
	literal_list  goto 108


state 77
	value_init : '[' LIT_INTEGER ']' array_init .  (9)

	.  reduce 9


state 78
	literal : LIT_INTEGER LIT_FALSE LIT_TRUE . LIT_CHAR  (19)

	LIT_CHAR  shift 109
	.  error


state 79
	type_parameter_list_tail : ',' . type TK_IDENTIFIER type_parameter_list_tail  (31)

	KW_WORD  shift 1
	KW_BOOL  shift 2
	KW_BYTE  shift 3
	.  error

	type  goto 110


state 80
	type_parameter_list : type TK_IDENTIFIER type_parameter_list_tail .  (29)

	.  reduce 29


state 81
	if_then : KW_IF '(' expr . ')' KW_THEN command  (52)
	if_then_else : KW_IF '(' expr . ')' KW_THEN command KW_ELSE command  (53)
	expr : expr . '+' expr  (66)
	expr : expr . '-' expr  (67)
	expr : expr . '*' expr  (68)
	expr : expr . '/' expr  (69)
	expr : expr . '<' expr  (70)
	expr : expr . '>' expr  (71)
	expr : expr . OPERATOR_LE expr  (72)
	expr : expr . OPERATOR_GE expr  (73)
	expr : expr . OPERATOR_EQ expr  (74)
	expr : expr . OPERATOR_NE expr  (75)
	expr : expr . OPERATOR_AND expr  (76)
	expr : expr . OPERATOR_OR expr  (77)

	OPERATOR_LE  shift 89
	OPERATOR_GE  shift 90
	OPERATOR_EQ  shift 91
	OPERATOR_NE  shift 92
	OPERATOR_AND  shift 93
	OPERATOR_OR  shift 94
	'<'  shift 95
	'>'  shift 96
	'+'  shift 97
	'-'  shift 98
	'*'  shift 99
	'/'  shift 100
	')'  shift 111
	.  error


state 82
	flow_control : KW_LOOP '(' expr . ')' command  (51)
	expr : expr . '+' expr  (66)
	expr : expr . '-' expr  (67)
	expr : expr . '*' expr  (68)
	expr : expr . '/' expr  (69)
	expr : expr . '<' expr  (70)
	expr : expr . '>' expr  (71)
	expr : expr . OPERATOR_LE expr  (72)
	expr : expr . OPERATOR_GE expr  (73)
	expr : expr . OPERATOR_EQ expr  (74)
	expr : expr . OPERATOR_NE expr  (75)
	expr : expr . OPERATOR_AND expr  (76)
	expr : expr . OPERATOR_OR expr  (77)

	OPERATOR_LE  shift 89
	OPERATOR_GE  shift 90
	OPERATOR_EQ  shift 91
	OPERATOR_NE  shift 92
	OPERATOR_AND  shift 93
	OPERATOR_OR  shift 94
	'<'  shift 95
	'>'  shift 96
	'+'  shift 97
	'-'  shift 98
	'*'  shift 99
	'/'  shift 100
	')'  shift 112
	.  error


state 83
	access : '[' . expr ']'  (80)

	TK_IDENTIFIER  shift 59
	LIT_INTEGER  shift 27
	'*'  shift 60
	'('  shift 61
	'&'  shift 62
	.  error

	literal  goto 63
	expr  goto 113


state 84
	expr : TK_IDENTIFIER '(' . parameter_list ')'  (63)
	parameter_list : .  (34)

	TK_IDENTIFIER  shift 114
	LIT_INTEGER  shift 27
	')'  reduce 34

	literal  goto 115
	parameter  goto 116
	parameter_list  goto 117


state 85
	expr : TK_IDENTIFIER access .  (62)

	.  reduce 62


state 86
	expr : expr . '+' expr  (66)
	expr : expr . '-' expr  (67)
	expr : expr . '*' expr  (68)
	expr : expr . '/' expr  (69)
	expr : expr . '<' expr  (70)
	expr : expr . '>' expr  (71)
	expr : expr . OPERATOR_LE expr  (72)
	expr : expr . OPERATOR_GE expr  (73)
	expr : expr . OPERATOR_EQ expr  (74)
	expr : expr . OPERATOR_NE expr  (75)
	expr : expr . OPERATOR_AND expr  (76)
	expr : expr . OPERATOR_OR expr  (77)
	expr : '*' expr .  (79)

	.  reduce 79


state 87
	expr : '(' expr . ')'  (65)
	expr : expr . '+' expr  (66)
	expr : expr . '-' expr  (67)
	expr : expr . '*' expr  (68)
	expr : expr . '/' expr  (69)
	expr : expr . '<' expr  (70)
	expr : expr . '>' expr  (71)
	expr : expr . OPERATOR_LE expr  (72)
	expr : expr . OPERATOR_GE expr  (73)
	expr : expr . OPERATOR_EQ expr  (74)
	expr : expr . OPERATOR_NE expr  (75)
	expr : expr . OPERATOR_AND expr  (76)
	expr : expr . OPERATOR_OR expr  (77)

	OPERATOR_LE  shift 89
	OPERATOR_GE  shift 90
	OPERATOR_EQ  shift 91
	OPERATOR_NE  shift 92
	OPERATOR_AND  shift 93
	OPERATOR_OR  shift 94
	'<'  shift 95
	'>'  shift 96
	'+'  shift 97
	'-'  shift 98
	'*'  shift 99
	'/'  shift 100
	')'  shift 118
	.  error


state 88
	expr : expr . '+' expr  (66)
	expr : expr . '-' expr  (67)
	expr : expr . '*' expr  (68)
	expr : expr . '/' expr  (69)
	expr : expr . '<' expr  (70)
	expr : expr . '>' expr  (71)
	expr : expr . OPERATOR_LE expr  (72)
	expr : expr . OPERATOR_GE expr  (73)
	expr : expr . OPERATOR_EQ expr  (74)
	expr : expr . OPERATOR_NE expr  (75)
	expr : expr . OPERATOR_AND expr  (76)
	expr : expr . OPERATOR_OR expr  (77)
	expr : '&' expr .  (78)

	.  reduce 78


state 89
	expr : expr OPERATOR_LE . expr  (72)

	TK_IDENTIFIER  shift 59
	LIT_INTEGER  shift 27
	'*'  shift 60
	'('  shift 61
	'&'  shift 62
	.  error

	literal  goto 63
	expr  goto 119


state 90
	expr : expr OPERATOR_GE . expr  (73)

	TK_IDENTIFIER  shift 59
	LIT_INTEGER  shift 27
	'*'  shift 60
	'('  shift 61
	'&'  shift 62
	.  error

	literal  goto 63
	expr  goto 120


state 91
	expr : expr OPERATOR_EQ . expr  (74)

	TK_IDENTIFIER  shift 59
	LIT_INTEGER  shift 27
	'*'  shift 60
	'('  shift 61
	'&'  shift 62
	.  error

	literal  goto 63
	expr  goto 121


state 92
	expr : expr OPERATOR_NE . expr  (75)

	TK_IDENTIFIER  shift 59
	LIT_INTEGER  shift 27
	'*'  shift 60
	'('  shift 61
	'&'  shift 62
	.  error

	literal  goto 63
	expr  goto 122


state 93
	expr : expr OPERATOR_AND . expr  (76)

	TK_IDENTIFIER  shift 59
	LIT_INTEGER  shift 27
	'*'  shift 60
	'('  shift 61
	'&'  shift 62
	.  error

	literal  goto 63
	expr  goto 123


state 94
	expr : expr OPERATOR_OR . expr  (77)

	TK_IDENTIFIER  shift 59
	LIT_INTEGER  shift 27
	'*'  shift 60
	'('  shift 61
	'&'  shift 62
	.  error

	literal  goto 63
	expr  goto 124


state 95
	expr : expr '<' . expr  (70)

	TK_IDENTIFIER  shift 59
	LIT_INTEGER  shift 27
	'*'  shift 60
	'('  shift 61
	'&'  shift 62
	.  error

	literal  goto 63
	expr  goto 125


state 96
	expr : expr '>' . expr  (71)

	TK_IDENTIFIER  shift 59
	LIT_INTEGER  shift 27
	'*'  shift 60
	'('  shift 61
	'&'  shift 62
	.  error

	literal  goto 63
	expr  goto 126


state 97
	expr : expr '+' . expr  (66)

	TK_IDENTIFIER  shift 59
	LIT_INTEGER  shift 27
	'*'  shift 60
	'('  shift 61
	'&'  shift 62
	.  error

	literal  goto 63
	expr  goto 127


state 98
	expr : expr '-' . expr  (67)

	TK_IDENTIFIER  shift 59
	LIT_INTEGER  shift 27
	'*'  shift 60
	'('  shift 61
	'&'  shift 62
	.  error

	literal  goto 63
	expr  goto 128


state 99
	expr : expr '*' . expr  (68)

	TK_IDENTIFIER  shift 59
	LIT_INTEGER  shift 27
	'*'  shift 60
	'('  shift 61
	'&'  shift 62
	.  error

	literal  goto 63
	expr  goto 129


state 100
	expr : expr '/' . expr  (69)

	TK_IDENTIFIER  shift 59
	LIT_INTEGER  shift 27
	'*'  shift 60
	'('  shift 61
	'&'  shift 62
	.  error

	literal  goto 63
	expr  goto 130


state 101
	element_list_tail : ',' . element_list  (59)

	TK_IDENTIFIER  shift 59
	LIT_INTEGER  shift 27
	LIT_STRING  shift 65
	'*'  shift 60
	'('  shift 61
	'&'  shift 62
	.  error

	literal  goto 63
	expr  goto 66
	element_list  goto 131
	element  goto 68


state 102
	element_list : element element_list_tail .  (58)

	.  reduce 58


state 103
	ass : '[' expr . ']' '=' expr  (48)
	expr : expr . '+' expr  (66)
	expr : expr . '-' expr  (67)
	expr : expr . '*' expr  (68)
	expr : expr . '/' expr  (69)
	expr : expr . '<' expr  (70)
	expr : expr . '>' expr  (71)
	expr : expr . OPERATOR_LE expr  (72)
	expr : expr . OPERATOR_GE expr  (73)
	expr : expr . OPERATOR_EQ expr  (74)
	expr : expr . OPERATOR_NE expr  (75)
	expr : expr . OPERATOR_AND expr  (76)
	expr : expr . OPERATOR_OR expr  (77)

	OPERATOR_LE  shift 89
	OPERATOR_GE  shift 90
	OPERATOR_EQ  shift 91
	OPERATOR_NE  shift 92
	OPERATOR_AND  shift 93
	OPERATOR_OR  shift 94
	'<'  shift 95
	'>'  shift 96
	'+'  shift 97
	'-'  shift 98
	'*'  shift 99
	'/'  shift 100
	']'  shift 132
	.  error


state 104
	ass : '=' expr .  (47)
	expr : expr . '+' expr  (66)
	expr : expr . '-' expr  (67)
	expr : expr . '*' expr  (68)
	expr : expr . '/' expr  (69)
	expr : expr . '<' expr  (70)
	expr : expr . '>' expr  (71)
	expr : expr . OPERATOR_LE expr  (72)
	expr : expr . OPERATOR_GE expr  (73)
	expr : expr . OPERATOR_EQ expr  (74)
	expr : expr . OPERATOR_NE expr  (75)
	expr : expr . OPERATOR_AND expr  (76)
	expr : expr . OPERATOR_OR expr  (77)

	OPERATOR_LE  shift 89
	OPERATOR_GE  shift 90
	OPERATOR_EQ  shift 91
	OPERATOR_NE  shift 92
	OPERATOR_AND  shift 93
	OPERATOR_OR  shift 94
	'<'  shift 95
	'>'  shift 96
	'+'  shift 97
	'-'  shift 98
	'*'  shift 99
	'/'  shift 100
	KW_ELSE  reduce 47
	';'  reduce 47


state 105
	command_list : command ';' command_list .  (38)

	.  reduce 38


state 106
	local_dec : '$' TK_IDENTIFIER scalar_init .  (15)

	.  reduce 15


state 107
	literal_list : literal . literal_list  (20)
	literal_list : .  (21)

	LIT_INTEGER  shift 27
	';'  reduce 21

	literal  goto 107
	literal_list  goto 133


state 108
	array_init : ':' literal_list .  (11)

	.  reduce 11


state 109
	literal : LIT_INTEGER LIT_FALSE LIT_TRUE LIT_CHAR .  (19)

	.  reduce 19


state 110
	type_parameter_list_tail : ',' type . TK_IDENTIFIER type_parameter_list_tail  (31)

	TK_IDENTIFIER  shift 134
	.  error


state 111
	if_then : KW_IF '(' expr ')' . KW_THEN command  (52)
	if_then_else : KW_IF '(' expr ')' . KW_THEN command KW_ELSE command  (53)

	KW_THEN  shift 135
	.  error


state 112
	flow_control : KW_LOOP '(' expr ')' . command  (51)

	KW_IF  shift 32
	KW_LOOP  shift 33
	KW_INPUT  shift 34
	KW_RETURN  shift 35
	KW_OUTPUT  shift 36
	TK_IDENTIFIER  shift 37
	'{'  shift 22
	.  error

	block  goto 38
	command  goto 136
	atr  goto 41
	flow_control  goto 42
	input  goto 43
	output  goto 44
	return  goto 45
	if_then  goto 46
	if_then_else  goto 47


state 113
	expr : expr . '+' expr  (66)
	expr : expr . '-' expr  (67)
	expr : expr . '*' expr  (68)
	expr : expr . '/' expr  (69)
	expr : expr . '<' expr  (70)
	expr : expr . '>' expr  (71)
	expr : expr . OPERATOR_LE expr  (72)
	expr : expr . OPERATOR_GE expr  (73)
	expr : expr . OPERATOR_EQ expr  (74)
	expr : expr . OPERATOR_NE expr  (75)
	expr : expr . OPERATOR_AND expr  (76)
	expr : expr . OPERATOR_OR expr  (77)
	access : '[' expr . ']'  (80)

	OPERATOR_LE  shift 89
	OPERATOR_GE  shift 90
	OPERATOR_EQ  shift 91
	OPERATOR_NE  shift 92
	OPERATOR_AND  shift 93
	OPERATOR_OR  shift 94
	'<'  shift 95
	'>'  shift 96
	'+'  shift 97
	'-'  shift 98
	'*'  shift 99
	'/'  shift 100
	']'  shift 137
	.  error


state 114
	parameter : TK_IDENTIFIER .  (26)
	parameter : TK_IDENTIFIER . '[' expr ']'  (27)

	'['  shift 138
	')'  reduce 26
	','  reduce 26


state 115
	parameter : literal .  (28)

	.  reduce 28


state 116
	parameter_list : parameter . parameter_list_tail  (33)
	parameter_list_tail : .  (36)

	','  shift 139
	')'  reduce 36

	parameter_list_tail  goto 140


state 117
	expr : TK_IDENTIFIER '(' parameter_list . ')'  (63)

	')'  shift 141
	.  error


state 118
	expr : '(' expr ')' .  (65)

	.  reduce 65


state 119
	expr : expr . '+' expr  (66)
	expr : expr . '-' expr  (67)
	expr : expr . '*' expr  (68)
	expr : expr . '/' expr  (69)
	expr : expr . '<' expr  (70)
	expr : expr . '>' expr  (71)
	expr : expr . OPERATOR_LE expr  (72)
	expr : expr OPERATOR_LE expr .  (72)
	expr : expr . OPERATOR_GE expr  (73)
	expr : expr . OPERATOR_EQ expr  (74)
	expr : expr . OPERATOR_NE expr  (75)
	expr : expr . OPERATOR_AND expr  (76)
	expr : expr . OPERATOR_OR expr  (77)

	'+'  shift 97
	'-'  shift 98
	'*'  shift 99
	'/'  shift 100
	KW_ELSE  reduce 72
	OPERATOR_LE  reduce 72
	OPERATOR_GE  reduce 72
	OPERATOR_EQ  reduce 72
	OPERATOR_NE  reduce 72
	OPERATOR_AND  reduce 72
	OPERATOR_OR  reduce 72
	'<'  reduce 72
	'>'  reduce 72
	';'  reduce 72
	']'  reduce 72
	')'  reduce 72
	','  reduce 72


state 120
	expr : expr . '+' expr  (66)
	expr : expr . '-' expr  (67)
	expr : expr . '*' expr  (68)
	expr : expr . '/' expr  (69)
	expr : expr . '<' expr  (70)
	expr : expr . '>' expr  (71)
	expr : expr . OPERATOR_LE expr  (72)
	expr : expr . OPERATOR_GE expr  (73)
	expr : expr OPERATOR_GE expr .  (73)
	expr : expr . OPERATOR_EQ expr  (74)
	expr : expr . OPERATOR_NE expr  (75)
	expr : expr . OPERATOR_AND expr  (76)
	expr : expr . OPERATOR_OR expr  (77)

	'+'  shift 97
	'-'  shift 98
	'*'  shift 99
	'/'  shift 100
	KW_ELSE  reduce 73
	OPERATOR_LE  reduce 73
	OPERATOR_GE  reduce 73
	OPERATOR_EQ  reduce 73
	OPERATOR_NE  reduce 73
	OPERATOR_AND  reduce 73
	OPERATOR_OR  reduce 73
	'<'  reduce 73
	'>'  reduce 73
	';'  reduce 73
	']'  reduce 73
	')'  reduce 73
	','  reduce 73


state 121
	expr : expr . '+' expr  (66)
	expr : expr . '-' expr  (67)
	expr : expr . '*' expr  (68)
	expr : expr . '/' expr  (69)
	expr : expr . '<' expr  (70)
	expr : expr . '>' expr  (71)
	expr : expr . OPERATOR_LE expr  (72)
	expr : expr . OPERATOR_GE expr  (73)
	expr : expr . OPERATOR_EQ expr  (74)
	expr : expr OPERATOR_EQ expr .  (74)
	expr : expr . OPERATOR_NE expr  (75)
	expr : expr . OPERATOR_AND expr  (76)
	expr : expr . OPERATOR_OR expr  (77)

	'+'  shift 97
	'-'  shift 98
	'*'  shift 99
	'/'  shift 100
	KW_ELSE  reduce 74
	OPERATOR_LE  reduce 74
	OPERATOR_GE  reduce 74
	OPERATOR_EQ  reduce 74
	OPERATOR_NE  reduce 74
	OPERATOR_AND  reduce 74
	OPERATOR_OR  reduce 74
	'<'  reduce 74
	'>'  reduce 74
	';'  reduce 74
	']'  reduce 74
	')'  reduce 74
	','  reduce 74


state 122
	expr : expr . '+' expr  (66)
	expr : expr . '-' expr  (67)
	expr : expr . '*' expr  (68)
	expr : expr . '/' expr  (69)
	expr : expr . '<' expr  (70)
	expr : expr . '>' expr  (71)
	expr : expr . OPERATOR_LE expr  (72)
	expr : expr . OPERATOR_GE expr  (73)
	expr : expr . OPERATOR_EQ expr  (74)
	expr : expr . OPERATOR_NE expr  (75)
	expr : expr OPERATOR_NE expr .  (75)
	expr : expr . OPERATOR_AND expr  (76)
	expr : expr . OPERATOR_OR expr  (77)

	'+'  shift 97
	'-'  shift 98
	'*'  shift 99
	'/'  shift 100
	KW_ELSE  reduce 75
	OPERATOR_LE  reduce 75
	OPERATOR_GE  reduce 75
	OPERATOR_EQ  reduce 75
	OPERATOR_NE  reduce 75
	OPERATOR_AND  reduce 75
	OPERATOR_OR  reduce 75
	'<'  reduce 75
	'>'  reduce 75
	';'  reduce 75
	']'  reduce 75
	')'  reduce 75
	','  reduce 75


state 123
	expr : expr . '+' expr  (66)
	expr : expr . '-' expr  (67)
	expr : expr . '*' expr  (68)
	expr : expr . '/' expr  (69)
	expr : expr . '<' expr  (70)
	expr : expr . '>' expr  (71)
	expr : expr . OPERATOR_LE expr  (72)
	expr : expr . OPERATOR_GE expr  (73)
	expr : expr . OPERATOR_EQ expr  (74)
	expr : expr . OPERATOR_NE expr  (75)
	expr : expr . OPERATOR_AND expr  (76)
	expr : expr OPERATOR_AND expr .  (76)
	expr : expr . OPERATOR_OR expr  (77)

	OPERATOR_LE  shift 89
	OPERATOR_GE  shift 90
	OPERATOR_EQ  shift 91
	OPERATOR_NE  shift 92
	'<'  shift 95
	'>'  shift 96
	'+'  shift 97
	'-'  shift 98
	'*'  shift 99
	'/'  shift 100
	KW_ELSE  reduce 76
	OPERATOR_AND  reduce 76
	OPERATOR_OR  reduce 76
	';'  reduce 76
	']'  reduce 76
	')'  reduce 76
	','  reduce 76


state 124
	expr : expr . '+' expr  (66)
	expr : expr . '-' expr  (67)
	expr : expr . '*' expr  (68)
	expr : expr . '/' expr  (69)
	expr : expr . '<' expr  (70)
	expr : expr . '>' expr  (71)
	expr : expr . OPERATOR_LE expr  (72)
	expr : expr . OPERATOR_GE expr  (73)
	expr : expr . OPERATOR_EQ expr  (74)
	expr : expr . OPERATOR_NE expr  (75)
	expr : expr . OPERATOR_AND expr  (76)
	expr : expr . OPERATOR_OR expr  (77)
	expr : expr OPERATOR_OR expr .  (77)

	OPERATOR_LE  shift 89
	OPERATOR_GE  shift 90
	OPERATOR_EQ  shift 91
	OPERATOR_NE  shift 92
	'<'  shift 95
	'>'  shift 96
	'+'  shift 97
	'-'  shift 98
	'*'  shift 99
	'/'  shift 100
	KW_ELSE  reduce 77
	OPERATOR_AND  reduce 77
	OPERATOR_OR  reduce 77
	';'  reduce 77
	']'  reduce 77
	')'  reduce 77
	','  reduce 77


state 125
	expr : expr . '+' expr  (66)
	expr : expr . '-' expr  (67)
	expr : expr . '*' expr  (68)
	expr : expr . '/' expr  (69)
	expr : expr . '<' expr  (70)
	expr : expr '<' expr .  (70)
	expr : expr . '>' expr  (71)
	expr : expr . OPERATOR_LE expr  (72)
	expr : expr . OPERATOR_GE expr  (73)
	expr : expr . OPERATOR_EQ expr  (74)
	expr : expr . OPERATOR_NE expr  (75)
	expr : expr . OPERATOR_AND expr  (76)
	expr : expr . OPERATOR_OR expr  (77)

	'+'  shift 97
	'-'  shift 98
	'*'  shift 99
	'/'  shift 100
	KW_ELSE  reduce 70
	OPERATOR_LE  reduce 70
	OPERATOR_GE  reduce 70
	OPERATOR_EQ  reduce 70
	OPERATOR_NE  reduce 70
	OPERATOR_AND  reduce 70
	OPERATOR_OR  reduce 70
	'<'  reduce 70
	'>'  reduce 70
	';'  reduce 70
	']'  reduce 70
	')'  reduce 70
	','  reduce 70


state 126
	expr : expr . '+' expr  (66)
	expr : expr . '-' expr  (67)
	expr : expr . '*' expr  (68)
	expr : expr . '/' expr  (69)
	expr : expr . '<' expr  (70)
	expr : expr . '>' expr  (71)
	expr : expr '>' expr .  (71)
	expr : expr . OPERATOR_LE expr  (72)
	expr : expr . OPERATOR_GE expr  (73)
	expr : expr . OPERATOR_EQ expr  (74)
	expr : expr . OPERATOR_NE expr  (75)
	expr : expr . OPERATOR_AND expr  (76)
	expr : expr . OPERATOR_OR expr  (77)

	'+'  shift 97
	'-'  shift 98
	'*'  shift 99
	'/'  shift 100
	KW_ELSE  reduce 71
	OPERATOR_LE  reduce 71
	OPERATOR_GE  reduce 71
	OPERATOR_EQ  reduce 71
	OPERATOR_NE  reduce 71
	OPERATOR_AND  reduce 71
	OPERATOR_OR  reduce 71
	'<'  reduce 71
	'>'  reduce 71
	';'  reduce 71
	']'  reduce 71
	')'  reduce 71
	','  reduce 71


state 127
	expr : expr . '+' expr  (66)
	expr : expr '+' expr .  (66)
	expr : expr . '-' expr  (67)
	expr : expr . '*' expr  (68)
	expr : expr . '/' expr  (69)
	expr : expr . '<' expr  (70)
	expr : expr . '>' expr  (71)
	expr : expr . OPERATOR_LE expr  (72)
	expr : expr . OPERATOR_GE expr  (73)
	expr : expr . OPERATOR_EQ expr  (74)
	expr : expr . OPERATOR_NE expr  (75)
	expr : expr . OPERATOR_AND expr  (76)
	expr : expr . OPERATOR_OR expr  (77)

	'*'  shift 99
	'/'  shift 100
	KW_ELSE  reduce 66
	OPERATOR_LE  reduce 66
	OPERATOR_GE  reduce 66
	OPERATOR_EQ  reduce 66
	OPERATOR_NE  reduce 66
	OPERATOR_AND  reduce 66
	OPERATOR_OR  reduce 66
	'<'  reduce 66
	'>'  reduce 66
	'+'  reduce 66
	'-'  reduce 66
	';'  reduce 66
	']'  reduce 66
	')'  reduce 66
	','  reduce 66


state 128
	expr : expr . '+' expr  (66)
	expr : expr . '-' expr  (67)
	expr : expr '-' expr .  (67)
	expr : expr . '*' expr  (68)
	expr : expr . '/' expr  (69)
	expr : expr . '<' expr  (70)
	expr : expr . '>' expr  (71)
	expr : expr . OPERATOR_LE expr  (72)
	expr : expr . OPERATOR_GE expr  (73)
	expr : expr . OPERATOR_EQ expr  (74)
	expr : expr . OPERATOR_NE expr  (75)
	expr : expr . OPERATOR_AND expr  (76)
	expr : expr . OPERATOR_OR expr  (77)

	'*'  shift 99
	'/'  shift 100
	KW_ELSE  reduce 67
	OPERATOR_LE  reduce 67
	OPERATOR_GE  reduce 67
	OPERATOR_EQ  reduce 67
	OPERATOR_NE  reduce 67
	OPERATOR_AND  reduce 67
	OPERATOR_OR  reduce 67
	'<'  reduce 67
	'>'  reduce 67
	'+'  reduce 67
	'-'  reduce 67
	';'  reduce 67
	']'  reduce 67
	')'  reduce 67
	','  reduce 67


state 129
	expr : expr . '+' expr  (66)
	expr : expr . '-' expr  (67)
	expr : expr . '*' expr  (68)
	expr : expr '*' expr .  (68)
	expr : expr . '/' expr  (69)
	expr : expr . '<' expr  (70)
	expr : expr . '>' expr  (71)
	expr : expr . OPERATOR_LE expr  (72)
	expr : expr . OPERATOR_GE expr  (73)
	expr : expr . OPERATOR_EQ expr  (74)
	expr : expr . OPERATOR_NE expr  (75)
	expr : expr . OPERATOR_AND expr  (76)
	expr : expr . OPERATOR_OR expr  (77)

	.  reduce 68


state 130
	expr : expr . '+' expr  (66)
	expr : expr . '-' expr  (67)
	expr : expr . '*' expr  (68)
	expr : expr . '/' expr  (69)
	expr : expr '/' expr .  (69)
	expr : expr . '<' expr  (70)
	expr : expr . '>' expr  (71)
	expr : expr . OPERATOR_LE expr  (72)
	expr : expr . OPERATOR_GE expr  (73)
	expr : expr . OPERATOR_EQ expr  (74)
	expr : expr . OPERATOR_NE expr  (75)
	expr : expr . OPERATOR_AND expr  (76)
	expr : expr . OPERATOR_OR expr  (77)

	.  reduce 69


state 131
	element_list_tail : ',' element_list .  (59)

	.  reduce 59


state 132
	ass : '[' expr ']' . '=' expr  (48)

	'='  shift 142
	.  error


state 133
	literal_list : literal literal_list .  (20)

	.  reduce 20


state 134
	type_parameter_list_tail : ',' type TK_IDENTIFIER . type_parameter_list_tail  (31)
	type_parameter_list_tail : .  (32)

	','  shift 79
	')'  reduce 32

	type_parameter_list_tail  goto 143


state 135
	if_then : KW_IF '(' expr ')' KW_THEN . command  (52)
	if_then_else : KW_IF '(' expr ')' KW_THEN . command KW_ELSE command  (53)

	KW_IF  shift 32
	KW_LOOP  shift 33
	KW_INPUT  shift 34
	KW_RETURN  shift 35
	KW_OUTPUT  shift 36
	TK_IDENTIFIER  shift 37
	'{'  shift 22
	.  error

	block  goto 38
	command  goto 144
	atr  goto 41
	flow_control  goto 42
	input  goto 43
	output  goto 44
	return  goto 45
	if_then  goto 46
	if_then_else  goto 47


state 136
	flow_control : KW_LOOP '(' expr ')' command .  (51)

	.  reduce 51


state 137
	access : '[' expr ']' .  (80)

	.  reduce 80


state 138
	parameter : TK_IDENTIFIER '[' . expr ']'  (27)

	TK_IDENTIFIER  shift 59
	LIT_INTEGER  shift 27
	'*'  shift 60
	'('  shift 61
	'&'  shift 62
	.  error

	literal  goto 63
	expr  goto 145


state 139
	parameter_list_tail : ',' . parameter parameter_list_tail  (35)

	TK_IDENTIFIER  shift 114
	LIT_INTEGER  shift 27
	.  error

	literal  goto 115
	parameter  goto 146


state 140
	parameter_list : parameter parameter_list_tail .  (33)

	.  reduce 33


state 141
	expr : TK_IDENTIFIER '(' parameter_list ')' .  (63)

	.  reduce 63


state 142
	ass : '[' expr ']' '=' . expr  (48)

	TK_IDENTIFIER  shift 59
	LIT_INTEGER  shift 27
	'*'  shift 60
	'('  shift 61
	'&'  shift 62
	.  error

	literal  goto 63
	expr  goto 147


state 143
	type_parameter_list_tail : ',' type TK_IDENTIFIER type_parameter_list_tail .  (31)

	.  reduce 31


state 144
	if_then : KW_IF '(' expr ')' KW_THEN command .  (52)
	if_then_else : KW_IF '(' expr ')' KW_THEN command . KW_ELSE command  (53)

	KW_ELSE  shift 148
	';'  reduce 52


state 145
	parameter : TK_IDENTIFIER '[' expr . ']'  (27)
	expr : expr . '+' expr  (66)
	expr : expr . '-' expr  (67)
	expr : expr . '*' expr  (68)
	expr : expr . '/' expr  (69)
	expr : expr . '<' expr  (70)
	expr : expr . '>' expr  (71)
	expr : expr . OPERATOR_LE expr  (72)
	expr : expr . OPERATOR_GE expr  (73)
	expr : expr . OPERATOR_EQ expr  (74)
	expr : expr . OPERATOR_NE expr  (75)
	expr : expr . OPERATOR_AND expr  (76)
	expr : expr . OPERATOR_OR expr  (77)

	OPERATOR_LE  shift 89
	OPERATOR_GE  shift 90
	OPERATOR_EQ  shift 91
	OPERATOR_NE  shift 92
	OPERATOR_AND  shift 93
	OPERATOR_OR  shift 94
	'<'  shift 95
	'>'  shift 96
	'+'  shift 97
	'-'  shift 98
	'*'  shift 99
	'/'  shift 100
	']'  shift 149
	.  error


state 146
	parameter_list_tail : ',' parameter . parameter_list_tail  (35)
	parameter_list_tail : .  (36)

	','  shift 139
	')'  reduce 36

	parameter_list_tail  goto 150


state 147
	ass : '[' expr ']' '=' expr .  (48)
	expr : expr . '+' expr  (66)
	expr : expr . '-' expr  (67)
	expr : expr . '*' expr  (68)
	expr : expr . '/' expr  (69)
	expr : expr . '<' expr  (70)
	expr : expr . '>' expr  (71)
	expr : expr . OPERATOR_LE expr  (72)
	expr : expr . OPERATOR_GE expr  (73)
	expr : expr . OPERATOR_EQ expr  (74)
	expr : expr . OPERATOR_NE expr  (75)
	expr : expr . OPERATOR_AND expr  (76)
	expr : expr . OPERATOR_OR expr  (77)

	OPERATOR_LE  shift 89
	OPERATOR_GE  shift 90
	OPERATOR_EQ  shift 91
	OPERATOR_NE  shift 92
	OPERATOR_AND  shift 93
	OPERATOR_OR  shift 94
	'<'  shift 95
	'>'  shift 96
	'+'  shift 97
	'-'  shift 98
	'*'  shift 99
	'/'  shift 100
	KW_ELSE  reduce 48
	';'  reduce 48


state 148
	if_then_else : KW_IF '(' expr ')' KW_THEN command KW_ELSE . command  (53)

	KW_IF  shift 32
	KW_LOOP  shift 33
	KW_INPUT  shift 34
	KW_RETURN  shift 35
	KW_OUTPUT  shift 36
	TK_IDENTIFIER  shift 37
	'{'  shift 22
	.  error

	block  goto 38
	command  goto 151
	atr  goto 41
	flow_control  goto 42
	input  goto 43
	output  goto 44
	return  goto 45
	if_then  goto 46
	if_then_else  goto 47


state 149
	parameter : TK_IDENTIFIER '[' expr ']' .  (27)

	.  reduce 27


state 150
	parameter_list_tail : ',' parameter parameter_list_tail .  (35)

	.  reduce 35


state 151
	if_then_else : KW_IF '(' expr ')' KW_THEN command KW_ELSE command .  (53)

	.  reduce 53


44 terminals, 37 nonterminals
82 grammar rules, 152 states
